[INFO ] 2022-10-11 17:18:09.724 :              o.h.v.i.u.Version - HV000001: Hibernate Validator 6.2.3.Final
[INFO ] 2022-10-11 17:18:09.913 : o.s.c.c.c.ConfigServicePropertySourceLocator - Fetching config from server at : http://127.0.0.1:8888
[INFO ] 2022-10-11 17:18:11.110 : o.s.c.c.c.ConfigServicePropertySourceLocator - Located environment: name=user-service, profiles=[local], label=null, version=1671fa927ae5028a11a320652c0c2666611077a4, state=null
[INFO ] 2022-10-11 17:18:11.111 : o.s.c.b.c.PropertySourceBootstrapConfiguration - Located property source: [BootstrapPropertySource {name='bootstrapProperties-configClient'}, BootstrapPropertySource {name='bootstrapProperties-https://github.com/blackzero23/unique_config_git.git/user-service-local.yml'}, BootstrapPropertySource {name='bootstrapProperties-https://github.com/blackzero23/unique_config_git.git/user-service.yml'}, BootstrapPropertySource {name='bootstrapProperties-https://github.com/blackzero23/unique_config_git.git/application.yml'}]
[INFO ] 2022-10-11 17:18:11.122 : c.s.u.m.MsaUserServiceApplication - The following 1 profile is active: "local"
[INFO ] 2022-10-11 17:18:11.655 : o.s.d.r.c.RepositoryConfigurationDelegate - Bootstrapping Spring Data JPA repositories in DEFAULT mode.
[INFO ] 2022-10-11 17:18:11.693 : o.s.d.r.c.RepositoryConfigurationDelegate - Finished Spring Data repository scanning in 34 ms. Found 3 JPA repository interfaces.
[INFO ] 2022-10-11 17:18:11.844 :         o.s.c.c.s.GenericScope - BeanFactory id=8eed1387-f528-3636-a3b6-c56869938375
[INFO ] 2022-10-11 17:18:12.041 :    o.s.b.w.e.t.TomcatWebServer - Tomcat initialized with port(s): 0 (http)
[INFO ] 2022-10-11 17:18:12.046 :      o.a.c.h.Http11NioProtocol - Initializing ProtocolHandler ["http-nio-auto-1"]
[INFO ] 2022-10-11 17:18:12.046 :        o.a.c.c.StandardService - Starting service [Tomcat]
[INFO ] 2022-10-11 17:18:12.046 :         o.a.c.c.StandardEngine - Starting Servlet engine: [Apache Tomcat/9.0.63]
[INFO ] 2022-10-11 17:18:12.104 :              o.a.c.c.C.[.[.[/] - Initializing Spring embedded WebApplicationContext
[INFO ] 2022-10-11 17:18:12.104 : o.s.b.w.s.c.ServletWebServerApplicationContext - Root WebApplicationContext: initialization completed in 973 ms
[INFO ] 2022-10-11 17:18:12.232 :            o.h.j.i.u.LogHelper - HHH000204: Processing PersistenceUnitInfo [name: default]
[INFO ] 2022-10-11 17:18:12.254 :                    o.h.Version - HHH000412: Hibernate ORM core version 5.6.9.Final
[INFO ] 2022-10-11 17:18:12.319 :                o.h.a.c.Version - HCANN000001: Hibernate Commons Annotations {5.1.2.Final}
[INFO ] 2022-10-11 17:18:12.357 :         c.z.h.HikariDataSource - HikariPool-1 - Starting...
[INFO ] 2022-10-11 17:18:12.429 :         c.z.h.HikariDataSource - HikariPool-1 - Start completed.
[INFO ] 2022-10-11 17:18:12.435 :                  o.h.d.Dialect - HHH000400: Using dialect: org.hibernate.dialect.MySQL5Dialect
[INFO ] 2022-10-11 17:18:12.764 : o.h.e.t.j.p.i.JtaPlatformInitiator - HHH000490: Using JtaPlatform implementation: [org.hibernate.engine.transaction.jta.platform.internal.NoJtaPlatform]
[INFO ] 2022-10-11 17:18:12.768 : o.s.o.j.LocalContainerEntityManagerFactoryBean - Initialized JPA EntityManagerFactory for persistence unit 'default'
[WARN ] 2022-10-11 17:18:12.989 : o.s.b.a.o.j.JpaBaseConfiguration$JpaWebConfiguration - spring.jpa.open-in-view is enabled by default. Therefore, database queries may be performed during view rendering. Explicitly configure spring.jpa.open-in-view to disable this warning
[INFO ] 2022-10-11 17:18:13.212 : o.s.b.a.e.w.EndpointLinksResolver - Exposing 1 endpoint(s) beneath base path '/actuator'
[INFO ] 2022-10-11 17:18:13.334 : o.s.s.w.DefaultSecurityFilterChain - Will secure any request with [org.springframework.security.web.context.request.async.WebAsyncManagerIntegrationFilter@168ffb0, org.springframework.security.web.context.SecurityContextPersistenceFilter@7b80ac30, org.springframework.security.web.header.HeaderWriterFilter@54aacbc7, org.springframework.web.filter.CorsFilter@ca90087, org.springframework.security.web.authentication.logout.LogoutFilter@1d0590bc, org.springframework.security.oauth2.client.web.OAuth2AuthorizationRequestRedirectFilter@4b90f49d, org.springframework.security.oauth2.client.web.OAuth2LoginAuthenticationFilter@4ee9daf5, com.sparos.uniquone.msauserservice.users.security.jwt.JwtAuthFilter@59a49dbc, com.sparos.uniquone.msauserservice.users.security.AuthenticationFilter@6dde03ce, org.springframework.security.web.authentication.ui.DefaultLoginPageGeneratingFilter@27115d45, org.springframework.security.web.authentication.ui.DefaultLogoutPageGeneratingFilter@2b0df4ba, org.springframework.security.web.savedrequest.RequestCacheAwareFilter@f61f06e, org.springframework.security.web.servletapi.SecurityContextHolderAwareRequestFilter@28ec92c9, org.springframework.security.web.authentication.AnonymousAuthenticationFilter@6f647464, org.springframework.security.web.session.SessionManagementFilter@3fe70a2d, org.springframework.security.web.access.ExceptionTranslationFilter@44b99f09, org.springframework.security.web.access.intercept.FilterSecurityInterceptor@6b02909d]
[INFO ] 2022-10-11 17:18:13.500 : o.s.c.n.e.c.DiscoveryClientOptionalArgsConfiguration - Eureka HTTP Client uses RestTemplate.
[WARN ] 2022-10-11 17:18:13.527 : o.s.c.l.c.LoadBalancerCacheAutoConfiguration$LoadBalancerCaffeineWarnLogger - Spring Cloud LoadBalancer is currently working with the default cache. While this cache implementation is useful for development and tests, it's recommended to use Caffeine cache in production.You can switch to using Caffeine cache, by adding it and org.springframework.cache.caffeine.CaffeineCacheManager to the classpath.
[INFO ] 2022-10-11 17:18:13.570 :      o.a.c.h.Http11NioProtocol - Starting ProtocolHandler ["http-nio-auto-1"]
[INFO ] 2022-10-11 17:18:13.584 :    o.s.b.w.e.t.TomcatWebServer - Tomcat started on port(s): 53625 (http) with context path ''
[INFO ] 2022-10-11 17:18:13.585 : o.s.c.n.e.s.EurekaAutoServiceRegistration - Updating port to 53625
[INFO ] 2022-10-11 17:18:13.588 :  o.s.c.n.e.InstanceInfoFactory - Setting initial instance status as: STARTING
[INFO ] 2022-10-11 17:18:13.604 :          c.n.d.DiscoveryClient - Initializing Eureka in region us-east-1
[INFO ] 2022-10-11 17:18:13.606 : c.n.d.s.r.a.ConfigClusterResolver - Resolving eureka endpoints via configuration
[INFO ] 2022-10-11 17:18:13.617 :          c.n.d.DiscoveryClient - Disable delta property : false
[INFO ] 2022-10-11 17:18:13.617 :          c.n.d.DiscoveryClient - Single vip registry refresh property : null
[INFO ] 2022-10-11 17:18:13.617 :          c.n.d.DiscoveryClient - Force full registry fetch : false
[INFO ] 2022-10-11 17:18:13.617 :          c.n.d.DiscoveryClient - Application is null : false
[INFO ] 2022-10-11 17:18:13.617 :          c.n.d.DiscoveryClient - Registered Applications size is zero : true
[INFO ] 2022-10-11 17:18:13.617 :          c.n.d.DiscoveryClient - Application version is -1: true
[INFO ] 2022-10-11 17:18:13.617 :          c.n.d.DiscoveryClient - Getting all instance registry info from the eureka server
[INFO ] 2022-10-11 17:18:13.732 : c.n.d.s.t.d.RedirectingEurekaHttpClient - Request execution error. endpoint=DefaultEndpoint{ serviceUrl='http://127.0.0.1:8761/eureka/}, exception=I/O error on GET request for "http://127.0.0.1:8761/eureka/apps/": Connect to 127.0.0.1:8761 [/127.0.0.1] failed: Connection refused (Connection refused); nested exception is org.apache.http.conn.HttpHostConnectException: Connect to 127.0.0.1:8761 [/127.0.0.1] failed: Connection refused (Connection refused) stacktrace=org.springframework.web.client.ResourceAccessException: I/O error on GET request for "http://127.0.0.1:8761/eureka/apps/": Connect to 127.0.0.1:8761 [/127.0.0.1] failed: Connection refused (Connection refused); nested exception is org.apache.http.conn.HttpHostConnectException: Connect to 127.0.0.1:8761 [/127.0.0.1] failed: Connection refused (Connection refused)
	at org.springframework.web.client.RestTemplate.doExecute(RestTemplate.java:785)
	at org.springframework.web.client.RestTemplate.execute(RestTemplate.java:711)
	at org.springframework.web.client.RestTemplate.exchange(RestTemplate.java:602)
	at org.springframework.cloud.netflix.eureka.http.RestTemplateEurekaHttpClient.getApplicationsInternal(RestTemplateEurekaHttpClient.java:145)
	at org.springframework.cloud.netflix.eureka.http.RestTemplateEurekaHttpClient.getApplications(RestTemplateEurekaHttpClient.java:135)
	at com.netflix.discovery.shared.transport.decorator.EurekaHttpClientDecorator$6.execute(EurekaHttpClientDecorator.java:137)
	at com.netflix.discovery.shared.transport.decorator.RedirectingEurekaHttpClient.executeOnNewServer(RedirectingEurekaHttpClient.java:121)
	at com.netflix.discovery.shared.transport.decorator.RedirectingEurekaHttpClient.execute(RedirectingEurekaHttpClient.java:80)
	at com.netflix.discovery.shared.transport.decorator.EurekaHttpClientDecorator.getApplications(EurekaHttpClientDecorator.java:134)
	at com.netflix.discovery.shared.transport.decorator.EurekaHttpClientDecorator$6.execute(EurekaHttpClientDecorator.java:137)
	at com.netflix.discovery.shared.transport.decorator.RetryableEurekaHttpClient.execute(RetryableEurekaHttpClient.java:120)
	at com.netflix.discovery.shared.transport.decorator.EurekaHttpClientDecorator.getApplications(EurekaHttpClientDecorator.java:134)
	at com.netflix.discovery.shared.transport.decorator.EurekaHttpClientDecorator$6.execute(EurekaHttpClientDecorator.java:137)
	at com.netflix.discovery.shared.transport.decorator.SessionedEurekaHttpClient.execute(SessionedEurekaHttpClient.java:77)
	at com.netflix.discovery.shared.transport.decorator.EurekaHttpClientDecorator.getApplications(EurekaHttpClientDecorator.java:134)
	at com.netflix.discovery.DiscoveryClient.getAndStoreFullRegistry(DiscoveryClient.java:1101)
	at com.netflix.discovery.DiscoveryClient.fetchRegistry(DiscoveryClient.java:1014)
	at com.netflix.discovery.DiscoveryClient.<init>(DiscoveryClient.java:441)
	at com.netflix.discovery.DiscoveryClient.<init>(DiscoveryClient.java:283)
	at com.netflix.discovery.DiscoveryClient.<init>(DiscoveryClient.java:279)
	at org.springframework.cloud.netflix.eureka.CloudEurekaClient.<init>(CloudEurekaClient.java:66)
	at org.springframework.cloud.netflix.eureka.EurekaClientAutoConfiguration$RefreshableEurekaClientConfiguration.eurekaClient(EurekaClientAutoConfiguration.java:295)
	at java.base/jdk.internal.reflect.NativeMethodAccessorImpl.invoke0(Native Method)
	at java.base/jdk.internal.reflect.NativeMethodAccessorImpl.invoke(NativeMethodAccessorImpl.java:62)
	at java.base/jdk.internal.reflect.DelegatingMethodAccessorImpl.invoke(DelegatingMethodAccessorImpl.java:43)
	at java.base/java.lang.reflect.Method.invoke(Method.java:566)
	at org.springframework.beans.factory.support.SimpleInstantiationStrategy.instantiate(SimpleInstantiationStrategy.java:154)
	at org.springframework.beans.factory.support.ConstructorResolver.instantiate(ConstructorResolver.java:653)
	at org.springframework.beans.factory.support.ConstructorResolver.instantiateUsingFactoryMethod(ConstructorResolver.java:638)
	at org.springframework.beans.factory.support.AbstractAutowireCapableBeanFactory.instantiateUsingFactoryMethod(AbstractAutowireCapableBeanFactory.java:1352)
	at org.springframework.beans.factory.support.AbstractAutowireCapableBeanFactory.createBeanInstance(AbstractAutowireCapableBeanFactory.java:1195)
	at org.springframework.beans.factory.support.AbstractAutowireCapableBeanFactory.doCreateBean(AbstractAutowireCapableBeanFactory.java:582)
	at org.springframework.beans.factory.support.AbstractAutowireCapableBeanFactory.createBean(AbstractAutowireCapableBeanFactory.java:542)
	at org.springframework.beans.factory.support.AbstractBeanFactory.lambda$doGetBean$1(AbstractBeanFactory.java:374)
	at org.springframework.cloud.context.scope.GenericScope$BeanLifecycleWrapper.getBean(GenericScope.java:376)
	at org.springframework.cloud.context.scope.GenericScope.get(GenericScope.java:179)
	at org.springframework.beans.factory.support.AbstractBeanFactory.doGetBean(AbstractBeanFactory.java:371)
	at org.springframework.beans.factory.support.AbstractBeanFactory.getBean(AbstractBeanFactory.java:208)
	at org.springframework.aop.target.SimpleBeanTargetSource.getTarget(SimpleBeanTargetSource.java:35)
	at org.springframework.cloud.netflix.eureka.serviceregistry.EurekaRegistration.getTargetObject(EurekaRegistration.java:127)
	at org.springframework.cloud.netflix.eureka.serviceregistry.EurekaRegistration.getEurekaClient(EurekaRegistration.java:115)
	at java.base/jdk.internal.reflect.NativeMethodAccessorImpl.invoke0(Native Method)
	at java.base/jdk.internal.reflect.NativeMethodAccessorImpl.invoke(NativeMethodAccessorImpl.java:62)
	at java.base/jdk.internal.reflect.DelegatingMethodAccessorImpl.invoke(DelegatingMethodAccessorImpl.java:43)
	at java.base/java.lang.reflect.Method.invoke(Method.java:566)
	at org.springframework.util.ReflectionUtils.invokeMethod(ReflectionUtils.java:282)
	at org.springframework.cloud.context.scope.GenericScope$LockedScopedProxyFactoryBean.invoke(GenericScope.java:485)
	at org.springframework.aop.framework.ReflectiveMethodInvocation.proceed(ReflectiveMethodInvocation.java:186)
	at org.springframework.aop.framework.CglibAopProxy$CglibMethodInvocation.proceed(CglibAopProxy.java:763)
	at org.springframework.aop.framework.CglibAopProxy$DynamicAdvisedInterceptor.intercept(CglibAopProxy.java:708)
	at org.springframework.cloud.netflix.eureka.serviceregistry.EurekaRegistration$$EnhancerBySpringCGLIB$$43f82195.getEurekaClient(<generated>)
	at org.springframework.cloud.netflix.eureka.serviceregistry.EurekaServiceRegistry.maybeInitializeClient(EurekaServiceRegistry.java:54)
	at org.springframework.cloud.netflix.eureka.serviceregistry.EurekaServiceRegistry.register(EurekaServiceRegistry.java:38)
	at org.springframework.cloud.netflix.eureka.serviceregistry.EurekaAutoServiceRegistration.start(EurekaAutoServiceRegistration.java:83)
	at org.springframework.cloud.netflix.eureka.serviceregistry.EurekaAutoServiceRegistration.onApplicationEvent(EurekaAutoServiceRegistration.java:146)
	at org.springframework.cloud.netflix.eureka.serviceregistry.EurekaAutoServiceRegistration.onApplicationEvent(EurekaAutoServiceRegistration.java:131)
	at org.springframework.context.event.SimpleApplicationEventMulticaster.doInvokeListener(SimpleApplicationEventMulticaster.java:176)
	at org.springframework.context.event.SimpleApplicationEventMulticaster.invokeListener(SimpleApplicationEventMulticaster.java:169)
	at org.springframework.context.event.SimpleApplicationEventMulticaster.multicastEvent(SimpleApplicationEventMulticaster.java:143)
	at org.springframework.context.support.AbstractApplicationContext.publishEvent(AbstractApplicationContext.java:421)
	at org.springframework.context.support.AbstractApplicationContext.publishEvent(AbstractApplicationContext.java:378)
	at org.springframework.boot.web.servlet.context.WebServerStartStopLifecycle.start(WebServerStartStopLifecycle.java:46)
	at org.springframework.context.support.DefaultLifecycleProcessor.doStart(DefaultLifecycleProcessor.java:178)
	at org.springframework.context.support.DefaultLifecycleProcessor.access$200(DefaultLifecycleProcessor.java:54)
	at org.springframework.context.support.DefaultLifecycleProcessor$LifecycleGroup.start(DefaultLifecycleProcessor.java:356)
	at java.base/java.lang.Iterable.forEach(Iterable.java:75)
	at org.springframework.context.support.DefaultLifecycleProcessor.startBeans(DefaultLifecycleProcessor.java:155)
	at org.springframework.context.support.DefaultLifecycleProcessor.onRefresh(DefaultLifecycleProcessor.java:123)
	at org.springframework.context.support.AbstractApplicationContext.finishRefresh(AbstractApplicationContext.java:935)
	at org.springframework.context.support.AbstractApplicationContext.refresh(AbstractApplicationContext.java:586)
	at org.springframework.boot.web.servlet.context.ServletWebServerApplicationContext.refresh(ServletWebServerApplicationContext.java:145)
	at org.springframework.boot.SpringApplication.refresh(SpringApplication.java:745)
	at org.springframework.boot.SpringApplication.refreshContext(SpringApplication.java:420)
	at org.springframework.boot.SpringApplication.run(SpringApplication.java:307)
	at org.springframework.boot.SpringApplication.run(SpringApplication.java:1317)
	at org.springframework.boot.SpringApplication.run(SpringApplication.java:1306)
	at com.sparos.uniquone.msauserservice.MsaUserServiceApplication.main(MsaUserServiceApplication.java:14)
Caused by: org.apache.http.conn.HttpHostConnectException: Connect to 127.0.0.1:8761 [/127.0.0.1] failed: Connection refused (Connection refused)
	at org.apache.http.impl.conn.DefaultHttpClientConnectionOperator.connect(DefaultHttpClientConnectionOperator.java:156)
	at org.apache.http.impl.conn.PoolingHttpClientConnectionManager.connect(PoolingHttpClientConnectionManager.java:376)
	at org.apache.http.impl.execchain.MainClientExec.establishRoute(MainClientExec.java:393)
	at org.apache.http.impl.execchain.MainClientExec.execute(MainClientExec.java:236)
	at org.apache.http.impl.execchain.ProtocolExec.execute(ProtocolExec.java:186)
	at org.apache.http.impl.execchain.RetryExec.execute(RetryExec.java:89)
	at org.apache.http.impl.execchain.RedirectExec.execute(RedirectExec.java:110)
	at org.apache.http.impl.client.InternalHttpClient.doExecute(InternalHttpClient.java:185)
	at org.apache.http.impl.client.CloseableHttpClient.execute(CloseableHttpClient.java:83)
	at org.apache.http.impl.client.CloseableHttpClient.execute(CloseableHttpClient.java:56)
	at org.springframework.http.client.HttpComponentsClientHttpRequest.executeInternal(HttpComponentsClientHttpRequest.java:87)
	at org.springframework.http.client.AbstractBufferingClientHttpRequest.executeInternal(AbstractBufferingClientHttpRequest.java:48)
	at org.springframework.http.client.AbstractClientHttpRequest.execute(AbstractClientHttpRequest.java:66)
	at org.springframework.web.client.RestTemplate.doExecute(RestTemplate.java:776)
	... 76 more
Caused by: java.net.ConnectException: Connection refused (Connection refused)
	at java.base/java.net.PlainSocketImpl.socketConnect(Native Method)
	at java.base/java.net.AbstractPlainSocketImpl.doConnect(AbstractPlainSocketImpl.java:412)
	at java.base/java.net.AbstractPlainSocketImpl.connectToAddress(AbstractPlainSocketImpl.java:255)
	at java.base/java.net.AbstractPlainSocketImpl.connect(AbstractPlainSocketImpl.java:237)
	at java.base/java.net.SocksSocketImpl.connect(SocksSocketImpl.java:392)
	at java.base/java.net.Socket.connect(Socket.java:615)
	at org.apache.http.conn.socket.PlainConnectionSocketFactory.connectSocket(PlainConnectionSocketFactory.java:75)
	at org.apache.http.impl.conn.DefaultHttpClientConnectionOperator.connect(DefaultHttpClientConnectionOperator.java:142)
	... 89 more

[WARN ] 2022-10-11 17:18:13.732 : c.n.d.s.t.d.RetryableEurekaHttpClient - Request execution failed with message: I/O error on GET request for "http://127.0.0.1:8761/eureka/apps/": Connect to 127.0.0.1:8761 [/127.0.0.1] failed: Connection refused (Connection refused); nested exception is org.apache.http.conn.HttpHostConnectException: Connect to 127.0.0.1:8761 [/127.0.0.1] failed: Connection refused (Connection refused)
[INFO ] 2022-10-11 17:18:13.732 :          c.n.d.DiscoveryClient - DiscoveryClient_UNIQUONE-USER-SERVICE/uniquone-user-service:76647df9cf47ab60e14edf9af91ce0d8 - was unable to refresh its cache! This periodic background refresh will be retried in 30 seconds. status = Cannot execute request on any known server stacktrace = com.netflix.discovery.shared.transport.TransportException: Cannot execute request on any known server
	at com.netflix.discovery.shared.transport.decorator.RetryableEurekaHttpClient.execute(RetryableEurekaHttpClient.java:112)
	at com.netflix.discovery.shared.transport.decorator.EurekaHttpClientDecorator.getApplications(EurekaHttpClientDecorator.java:134)
	at com.netflix.discovery.shared.transport.decorator.EurekaHttpClientDecorator$6.execute(EurekaHttpClientDecorator.java:137)
	at com.netflix.discovery.shared.transport.decorator.SessionedEurekaHttpClient.execute(SessionedEurekaHttpClient.java:77)
	at com.netflix.discovery.shared.transport.decorator.EurekaHttpClientDecorator.getApplications(EurekaHttpClientDecorator.java:134)
	at com.netflix.discovery.DiscoveryClient.getAndStoreFullRegistry(DiscoveryClient.java:1101)
	at com.netflix.discovery.DiscoveryClient.fetchRegistry(DiscoveryClient.java:1014)
	at com.netflix.discovery.DiscoveryClient.<init>(DiscoveryClient.java:441)
	at com.netflix.discovery.DiscoveryClient.<init>(DiscoveryClient.java:283)
	at com.netflix.discovery.DiscoveryClient.<init>(DiscoveryClient.java:279)
	at org.springframework.cloud.netflix.eureka.CloudEurekaClient.<init>(CloudEurekaClient.java:66)
	at org.springframework.cloud.netflix.eureka.EurekaClientAutoConfiguration$RefreshableEurekaClientConfiguration.eurekaClient(EurekaClientAutoConfiguration.java:295)
	at java.base/jdk.internal.reflect.NativeMethodAccessorImpl.invoke0(Native Method)
	at java.base/jdk.internal.reflect.NativeMethodAccessorImpl.invoke(NativeMethodAccessorImpl.java:62)
	at java.base/jdk.internal.reflect.DelegatingMethodAccessorImpl.invoke(DelegatingMethodAccessorImpl.java:43)
	at java.base/java.lang.reflect.Method.invoke(Method.java:566)
	at org.springframework.beans.factory.support.SimpleInstantiationStrategy.instantiate(SimpleInstantiationStrategy.java:154)
	at org.springframework.beans.factory.support.ConstructorResolver.instantiate(ConstructorResolver.java:653)
	at org.springframework.beans.factory.support.ConstructorResolver.instantiateUsingFactoryMethod(ConstructorResolver.java:638)
	at org.springframework.beans.factory.support.AbstractAutowireCapableBeanFactory.instantiateUsingFactoryMethod(AbstractAutowireCapableBeanFactory.java:1352)
	at org.springframework.beans.factory.support.AbstractAutowireCapableBeanFactory.createBeanInstance(AbstractAutowireCapableBeanFactory.java:1195)
	at org.springframework.beans.factory.support.AbstractAutowireCapableBeanFactory.doCreateBean(AbstractAutowireCapableBeanFactory.java:582)
	at org.springframework.beans.factory.support.AbstractAutowireCapableBeanFactory.createBean(AbstractAutowireCapableBeanFactory.java:542)
	at org.springframework.beans.factory.support.AbstractBeanFactory.lambda$doGetBean$1(AbstractBeanFactory.java:374)
	at org.springframework.cloud.context.scope.GenericScope$BeanLifecycleWrapper.getBean(GenericScope.java:376)
	at org.springframework.cloud.context.scope.GenericScope.get(GenericScope.java:179)
	at org.springframework.beans.factory.support.AbstractBeanFactory.doGetBean(AbstractBeanFactory.java:371)
	at org.springframework.beans.factory.support.AbstractBeanFactory.getBean(AbstractBeanFactory.java:208)
	at org.springframework.aop.target.SimpleBeanTargetSource.getTarget(SimpleBeanTargetSource.java:35)
	at org.springframework.cloud.netflix.eureka.serviceregistry.EurekaRegistration.getTargetObject(EurekaRegistration.java:127)
	at org.springframework.cloud.netflix.eureka.serviceregistry.EurekaRegistration.getEurekaClient(EurekaRegistration.java:115)
	at java.base/jdk.internal.reflect.NativeMethodAccessorImpl.invoke0(Native Method)
	at java.base/jdk.internal.reflect.NativeMethodAccessorImpl.invoke(NativeMethodAccessorImpl.java:62)
	at java.base/jdk.internal.reflect.DelegatingMethodAccessorImpl.invoke(DelegatingMethodAccessorImpl.java:43)
	at java.base/java.lang.reflect.Method.invoke(Method.java:566)
	at org.springframework.util.ReflectionUtils.invokeMethod(ReflectionUtils.java:282)
	at org.springframework.cloud.context.scope.GenericScope$LockedScopedProxyFactoryBean.invoke(GenericScope.java:485)
	at org.springframework.aop.framework.ReflectiveMethodInvocation.proceed(ReflectiveMethodInvocation.java:186)
	at org.springframework.aop.framework.CglibAopProxy$CglibMethodInvocation.proceed(CglibAopProxy.java:763)
	at org.springframework.aop.framework.CglibAopProxy$DynamicAdvisedInterceptor.intercept(CglibAopProxy.java:708)
	at org.springframework.cloud.netflix.eureka.serviceregistry.EurekaRegistration$$EnhancerBySpringCGLIB$$43f82195.getEurekaClient(<generated>)
	at org.springframework.cloud.netflix.eureka.serviceregistry.EurekaServiceRegistry.maybeInitializeClient(EurekaServiceRegistry.java:54)
	at org.springframework.cloud.netflix.eureka.serviceregistry.EurekaServiceRegistry.register(EurekaServiceRegistry.java:38)
	at org.springframework.cloud.netflix.eureka.serviceregistry.EurekaAutoServiceRegistration.start(EurekaAutoServiceRegistration.java:83)
	at org.springframework.cloud.netflix.eureka.serviceregistry.EurekaAutoServiceRegistration.onApplicationEvent(EurekaAutoServiceRegistration.java:146)
	at org.springframework.cloud.netflix.eureka.serviceregistry.EurekaAutoServiceRegistration.onApplicationEvent(EurekaAutoServiceRegistration.java:131)
	at org.springframework.context.event.SimpleApplicationEventMulticaster.doInvokeListener(SimpleApplicationEventMulticaster.java:176)
	at org.springframework.context.event.SimpleApplicationEventMulticaster.invokeListener(SimpleApplicationEventMulticaster.java:169)
	at org.springframework.context.event.SimpleApplicationEventMulticaster.multicastEvent(SimpleApplicationEventMulticaster.java:143)
	at org.springframework.context.support.AbstractApplicationContext.publishEvent(AbstractApplicationContext.java:421)
	at org.springframework.context.support.AbstractApplicationContext.publishEvent(AbstractApplicationContext.java:378)
	at org.springframework.boot.web.servlet.context.WebServerStartStopLifecycle.start(WebServerStartStopLifecycle.java:46)
	at org.springframework.context.support.DefaultLifecycleProcessor.doStart(DefaultLifecycleProcessor.java:178)
	at org.springframework.context.support.DefaultLifecycleProcessor.access$200(DefaultLifecycleProcessor.java:54)
	at org.springframework.context.support.DefaultLifecycleProcessor$LifecycleGroup.start(DefaultLifecycleProcessor.java:356)
	at java.base/java.lang.Iterable.forEach(Iterable.java:75)
	at org.springframework.context.support.DefaultLifecycleProcessor.startBeans(DefaultLifecycleProcessor.java:155)
	at org.springframework.context.support.DefaultLifecycleProcessor.onRefresh(DefaultLifecycleProcessor.java:123)
	at org.springframework.context.support.AbstractApplicationContext.finishRefresh(AbstractApplicationContext.java:935)
	at org.springframework.context.support.AbstractApplicationContext.refresh(AbstractApplicationContext.java:586)
	at org.springframework.boot.web.servlet.context.ServletWebServerApplicationContext.refresh(ServletWebServerApplicationContext.java:145)
	at org.springframework.boot.SpringApplication.refresh(SpringApplication.java:745)
	at org.springframework.boot.SpringApplication.refreshContext(SpringApplication.java:420)
	at org.springframework.boot.SpringApplication.run(SpringApplication.java:307)
	at org.springframework.boot.SpringApplication.run(SpringApplication.java:1317)
	at org.springframework.boot.SpringApplication.run(SpringApplication.java:1306)
	at com.sparos.uniquone.msauserservice.MsaUserServiceApplication.main(MsaUserServiceApplication.java:14)

[INFO ] 2022-10-11 17:18:13.732 :          c.n.d.DiscoveryClient - Initial registry fetch from primary servers failed
[WARN ] 2022-10-11 17:18:13.732 :          c.n.d.DiscoveryClient - Using default backup registry implementation which does not do anything.
[INFO ] 2022-10-11 17:18:13.732 :          c.n.d.DiscoveryClient - Initial registry fetch from backup servers failed
[INFO ] 2022-10-11 17:18:13.733 :          c.n.d.DiscoveryClient - Starting heartbeat executor: renew interval is: 30
[INFO ] 2022-10-11 17:18:13.734 :   c.n.d.InstanceInfoReplicator - InstanceInfoReplicator onDemand update allowed rate per min is 4
[INFO ] 2022-10-11 17:18:13.737 :          c.n.d.DiscoveryClient - Discovery Client initialized at timestamp 1665476293736 with initial instances count: 0
[INFO ] 2022-10-11 17:18:13.738 : o.s.c.n.e.s.EurekaServiceRegistry - Registering application UNIQUONE-USER-SERVICE with eureka with status UP
[INFO ] 2022-10-11 17:18:13.738 :          c.n.d.DiscoveryClient - Saw local status change event StatusChangeEvent [timestamp=1665476293738, current=UP, previous=STARTING]
[INFO ] 2022-10-11 17:18:13.739 :          c.n.d.DiscoveryClient - DiscoveryClient_UNIQUONE-USER-SERVICE/uniquone-user-service:76647df9cf47ab60e14edf9af91ce0d8: registering service...
[INFO ] 2022-10-11 17:18:13.759 : c.n.d.s.t.d.RedirectingEurekaHttpClient - Request execution error. endpoint=DefaultEndpoint{ serviceUrl='http://127.0.0.1:8761/eureka/}, exception=I/O error on POST request for "http://127.0.0.1:8761/eureka/apps/UNIQUONE-USER-SERVICE": Connect to 127.0.0.1:8761 [/127.0.0.1] failed: Connection refused (Connection refused); nested exception is org.apache.http.conn.HttpHostConnectException: Connect to 127.0.0.1:8761 [/127.0.0.1] failed: Connection refused (Connection refused) stacktrace=org.springframework.web.client.ResourceAccessException: I/O error on POST request for "http://127.0.0.1:8761/eureka/apps/UNIQUONE-USER-SERVICE": Connect to 127.0.0.1:8761 [/127.0.0.1] failed: Connection refused (Connection refused); nested exception is org.apache.http.conn.HttpHostConnectException: Connect to 127.0.0.1:8761 [/127.0.0.1] failed: Connection refused (Connection refused)
	at org.springframework.web.client.RestTemplate.doExecute(RestTemplate.java:785)
	at org.springframework.web.client.RestTemplate.execute(RestTemplate.java:711)
	at org.springframework.web.client.RestTemplate.exchange(RestTemplate.java:602)
	at org.springframework.cloud.netflix.eureka.http.RestTemplateEurekaHttpClient.register(RestTemplateEurekaHttpClient.java:77)
	at com.netflix.discovery.shared.transport.decorator.EurekaHttpClientDecorator$1.execute(EurekaHttpClientDecorator.java:59)
	at com.netflix.discovery.shared.transport.decorator.RedirectingEurekaHttpClient.executeOnNewServer(RedirectingEurekaHttpClient.java:121)
	at com.netflix.discovery.shared.transport.decorator.RedirectingEurekaHttpClient.execute(RedirectingEurekaHttpClient.java:80)
	at com.netflix.discovery.shared.transport.decorator.EurekaHttpClientDecorator.register(EurekaHttpClientDecorator.java:56)
	at com.netflix.discovery.shared.transport.decorator.EurekaHttpClientDecorator$1.execute(EurekaHttpClientDecorator.java:59)
	at com.netflix.discovery.shared.transport.decorator.RetryableEurekaHttpClient.execute(RetryableEurekaHttpClient.java:120)
	at com.netflix.discovery.shared.transport.decorator.EurekaHttpClientDecorator.register(EurekaHttpClientDecorator.java:56)
	at com.netflix.discovery.shared.transport.decorator.EurekaHttpClientDecorator$1.execute(EurekaHttpClientDecorator.java:59)
	at com.netflix.discovery.shared.transport.decorator.SessionedEurekaHttpClient.execute(SessionedEurekaHttpClient.java:77)
	at com.netflix.discovery.shared.transport.decorator.EurekaHttpClientDecorator.register(EurekaHttpClientDecorator.java:56)
	at com.netflix.discovery.DiscoveryClient.register(DiscoveryClient.java:876)
	at com.netflix.discovery.InstanceInfoReplicator.run(InstanceInfoReplicator.java:121)
	at com.netflix.discovery.InstanceInfoReplicator$1.run(InstanceInfoReplicator.java:101)
	at java.base/java.util.concurrent.Executors$RunnableAdapter.call(Executors.java:515)
	at java.base/java.util.concurrent.FutureTask.run(FutureTask.java:264)
	at java.base/java.util.concurrent.ScheduledThreadPoolExecutor$ScheduledFutureTask.run(ScheduledThreadPoolExecutor.java:304)
	at java.base/java.util.concurrent.ThreadPoolExecutor.runWorker(ThreadPoolExecutor.java:1128)
	at java.base/java.util.concurrent.ThreadPoolExecutor$Worker.run(ThreadPoolExecutor.java:628)
	at java.base/java.lang.Thread.run(Thread.java:829)
Caused by: org.apache.http.conn.HttpHostConnectException: Connect to 127.0.0.1:8761 [/127.0.0.1] failed: Connection refused (Connection refused)
	at org.apache.http.impl.conn.DefaultHttpClientConnectionOperator.connect(DefaultHttpClientConnectionOperator.java:156)
	at org.apache.http.impl.conn.PoolingHttpClientConnectionManager.connect(PoolingHttpClientConnectionManager.java:376)
	at org.apache.http.impl.execchain.MainClientExec.establishRoute(MainClientExec.java:393)
	at org.apache.http.impl.execchain.MainClientExec.execute(MainClientExec.java:236)
	at org.apache.http.impl.execchain.ProtocolExec.execute(ProtocolExec.java:186)
	at org.apache.http.impl.execchain.RetryExec.execute(RetryExec.java:89)
	at org.apache.http.impl.execchain.RedirectExec.execute(RedirectExec.java:110)
	at org.apache.http.impl.client.InternalHttpClient.doExecute(InternalHttpClient.java:185)
	at org.apache.http.impl.client.CloseableHttpClient.execute(CloseableHttpClient.java:83)
	at org.apache.http.impl.client.CloseableHttpClient.execute(CloseableHttpClient.java:56)
	at org.springframework.http.client.HttpComponentsClientHttpRequest.executeInternal(HttpComponentsClientHttpRequest.java:87)
	at org.springframework.http.client.AbstractBufferingClientHttpRequest.executeInternal(AbstractBufferingClientHttpRequest.java:48)
	at org.springframework.http.client.AbstractClientHttpRequest.execute(AbstractClientHttpRequest.java:66)
	at org.springframework.web.client.RestTemplate.doExecute(RestTemplate.java:776)
	... 22 more
Caused by: java.net.ConnectException: Connection refused (Connection refused)
	at java.base/java.net.PlainSocketImpl.socketConnect(Native Method)
	at java.base/java.net.AbstractPlainSocketImpl.doConnect(AbstractPlainSocketImpl.java:412)
	at java.base/java.net.AbstractPlainSocketImpl.connectToAddress(AbstractPlainSocketImpl.java:255)
	at java.base/java.net.AbstractPlainSocketImpl.connect(AbstractPlainSocketImpl.java:237)
	at java.base/java.net.SocksSocketImpl.connect(SocksSocketImpl.java:392)
	at java.base/java.net.Socket.connect(Socket.java:615)
	at org.apache.http.conn.socket.PlainConnectionSocketFactory.connectSocket(PlainConnectionSocketFactory.java:75)
	at org.apache.http.impl.conn.DefaultHttpClientConnectionOperator.connect(DefaultHttpClientConnectionOperator.java:142)
	... 35 more

[WARN ] 2022-10-11 17:18:13.759 : c.n.d.s.t.d.RetryableEurekaHttpClient - Request execution failed with message: I/O error on POST request for "http://127.0.0.1:8761/eureka/apps/UNIQUONE-USER-SERVICE": Connect to 127.0.0.1:8761 [/127.0.0.1] failed: Connection refused (Connection refused); nested exception is org.apache.http.conn.HttpHostConnectException: Connect to 127.0.0.1:8761 [/127.0.0.1] failed: Connection refused (Connection refused)
[WARN ] 2022-10-11 17:18:13.760 :          c.n.d.DiscoveryClient - DiscoveryClient_UNIQUONE-USER-SERVICE/uniquone-user-service:76647df9cf47ab60e14edf9af91ce0d8 - registration failed Cannot execute request on any known server
com.netflix.discovery.shared.transport.TransportException: Cannot execute request on any known server
	at com.netflix.discovery.shared.transport.decorator.RetryableEurekaHttpClient.execute(RetryableEurekaHttpClient.java:112)
	at com.netflix.discovery.shared.transport.decorator.EurekaHttpClientDecorator.register(EurekaHttpClientDecorator.java:56)
	at com.netflix.discovery.shared.transport.decorator.EurekaHttpClientDecorator$1.execute(EurekaHttpClientDecorator.java:59)
	at com.netflix.discovery.shared.transport.decorator.SessionedEurekaHttpClient.execute(SessionedEurekaHttpClient.java:77)
	at com.netflix.discovery.shared.transport.decorator.EurekaHttpClientDecorator.register(EurekaHttpClientDecorator.java:56)
	at com.netflix.discovery.DiscoveryClient.register(DiscoveryClient.java:876)
	at com.netflix.discovery.InstanceInfoReplicator.run(InstanceInfoReplicator.java:121)
	at com.netflix.discovery.InstanceInfoReplicator$1.run(InstanceInfoReplicator.java:101)
	at java.base/java.util.concurrent.Executors$RunnableAdapter.call(Executors.java:515)
	at java.base/java.util.concurrent.FutureTask.run(FutureTask.java:264)
	at java.base/java.util.concurrent.ScheduledThreadPoolExecutor$ScheduledFutureTask.run(ScheduledThreadPoolExecutor.java:304)
	at java.base/java.util.concurrent.ThreadPoolExecutor.runWorker(ThreadPoolExecutor.java:1128)
	at java.base/java.util.concurrent.ThreadPoolExecutor$Worker.run(ThreadPoolExecutor.java:628)
	at java.base/java.lang.Thread.run(Thread.java:829)
[WARN ] 2022-10-11 17:18:13.760 :   c.n.d.InstanceInfoReplicator - There was a problem with the instance info replicator
com.netflix.discovery.shared.transport.TransportException: Cannot execute request on any known server
	at com.netflix.discovery.shared.transport.decorator.RetryableEurekaHttpClient.execute(RetryableEurekaHttpClient.java:112)
	at com.netflix.discovery.shared.transport.decorator.EurekaHttpClientDecorator.register(EurekaHttpClientDecorator.java:56)
	at com.netflix.discovery.shared.transport.decorator.EurekaHttpClientDecorator$1.execute(EurekaHttpClientDecorator.java:59)
	at com.netflix.discovery.shared.transport.decorator.SessionedEurekaHttpClient.execute(SessionedEurekaHttpClient.java:77)
	at com.netflix.discovery.shared.transport.decorator.EurekaHttpClientDecorator.register(EurekaHttpClientDecorator.java:56)
	at com.netflix.discovery.DiscoveryClient.register(DiscoveryClient.java:876)
	at com.netflix.discovery.InstanceInfoReplicator.run(InstanceInfoReplicator.java:121)
	at com.netflix.discovery.InstanceInfoReplicator$1.run(InstanceInfoReplicator.java:101)
	at java.base/java.util.concurrent.Executors$RunnableAdapter.call(Executors.java:515)
	at java.base/java.util.concurrent.FutureTask.run(FutureTask.java:264)
	at java.base/java.util.concurrent.ScheduledThreadPoolExecutor$ScheduledFutureTask.run(ScheduledThreadPoolExecutor.java:304)
	at java.base/java.util.concurrent.ThreadPoolExecutor.runWorker(ThreadPoolExecutor.java:1128)
	at java.base/java.util.concurrent.ThreadPoolExecutor$Worker.run(ThreadPoolExecutor.java:628)
	at java.base/java.lang.Thread.run(Thread.java:829)
[INFO ] 2022-10-11 17:18:13.859 : c.s.u.m.MsaUserServiceApplication - Started MsaUserServiceApplication in 4.461 seconds (JVM running for 4.957)
[INFO ] 2022-10-11 17:18:14.354 :              o.a.c.c.C.[.[.[/] - Initializing Spring DispatcherServlet 'dispatcherServlet'
[INFO ] 2022-10-11 17:18:14.354 :      o.s.w.s.DispatcherServlet - Initializing Servlet 'dispatcherServlet'
[INFO ] 2022-10-11 17:18:14.356 :      o.s.w.s.DispatcherServlet - Completed initialization in 2 ms
[INFO ] 2022-10-11 17:18:43.744 :          c.n.d.DiscoveryClient - Disable delta property : false
[INFO ] 2022-10-11 17:18:43.747 :          c.n.d.DiscoveryClient - Single vip registry refresh property : null
[INFO ] 2022-10-11 17:18:43.747 :          c.n.d.DiscoveryClient - Force full registry fetch : false
[INFO ] 2022-10-11 17:18:43.747 :          c.n.d.DiscoveryClient - Application is null : false
[INFO ] 2022-10-11 17:18:43.753 :          c.n.d.DiscoveryClient - Registered Applications size is zero : true
[INFO ] 2022-10-11 17:18:43.753 :          c.n.d.DiscoveryClient - Application version is -1: true
[INFO ] 2022-10-11 17:18:43.753 :          c.n.d.DiscoveryClient - Getting all instance registry info from the eureka server
[INFO ] 2022-10-11 17:18:43.765 :          c.n.d.DiscoveryClient - DiscoveryClient_UNIQUONE-USER-SERVICE/uniquone-user-service:76647df9cf47ab60e14edf9af91ce0d8: registering service...
[INFO ] 2022-10-11 17:18:43.799 :          c.n.d.DiscoveryClient - DiscoveryClient_UNIQUONE-USER-SERVICE/uniquone-user-service:76647df9cf47ab60e14edf9af91ce0d8 - registration status: 204
[INFO ] 2022-10-11 17:18:43.800 :          c.n.d.DiscoveryClient - DiscoveryClient_UNIQUONE-USER-SERVICE/uniquone-user-service:76647df9cf47ab60e14edf9af91ce0d8 - Re-registering apps/UNIQUONE-USER-SERVICE
[INFO ] 2022-10-11 17:18:43.800 :          c.n.d.DiscoveryClient - DiscoveryClient_UNIQUONE-USER-SERVICE/uniquone-user-service:76647df9cf47ab60e14edf9af91ce0d8: registering service...
[INFO ] 2022-10-11 17:18:43.806 :          c.n.d.DiscoveryClient - DiscoveryClient_UNIQUONE-USER-SERVICE/uniquone-user-service:76647df9cf47ab60e14edf9af91ce0d8 - registration status: 204
[INFO ] 2022-10-11 17:18:43.813 :          c.n.d.DiscoveryClient - The response status is 200
[INFO ] 2022-10-11 17:18:53.506 : o.s.c.n.e.s.EurekaServiceRegistry - Unregistering application UNIQUONE-USER-SERVICE with eureka with status DOWN
[INFO ] 2022-10-11 17:18:53.506 :          c.n.d.DiscoveryClient - Saw local status change event StatusChangeEvent [timestamp=1665476333506, current=DOWN, previous=UP]
[INFO ] 2022-10-11 17:18:53.506 :          c.n.d.DiscoveryClient - DiscoveryClient_UNIQUONE-USER-SERVICE/uniquone-user-service:76647df9cf47ab60e14edf9af91ce0d8: registering service...
[INFO ] 2022-10-11 17:18:53.514 :          c.n.d.DiscoveryClient - DiscoveryClient_UNIQUONE-USER-SERVICE/uniquone-user-service:76647df9cf47ab60e14edf9af91ce0d8 - registration status: 204
[INFO ] 2022-10-11 17:18:53.528 : o.s.o.j.LocalContainerEntityManagerFactoryBean - Closing JPA EntityManagerFactory for persistence unit 'default'
[INFO ] 2022-10-11 17:18:53.530 :         c.z.h.HikariDataSource - HikariPool-1 - Shutdown initiated...
[INFO ] 2022-10-11 17:18:53.535 :         c.z.h.HikariDataSource - HikariPool-1 - Shutdown completed.
[INFO ] 2022-10-11 17:18:53.536 :          c.n.d.DiscoveryClient - Shutting down DiscoveryClient ...
[INFO ] 2022-10-11 17:18:56.545 :          c.n.d.DiscoveryClient - Unregistering ...
[INFO ] 2022-10-11 17:18:56.561 :          c.n.d.DiscoveryClient - DiscoveryClient_UNIQUONE-USER-SERVICE/uniquone-user-service:76647df9cf47ab60e14edf9af91ce0d8 - deregister  status: 200
[INFO ] 2022-10-11 17:18:56.567 :          c.n.d.DiscoveryClient - Completed shut down of DiscoveryClient
[INFO ] 2022-10-11 17:18:58.106 :              o.h.v.i.u.Version - HV000001: Hibernate Validator 6.2.3.Final
[INFO ] 2022-10-11 17:18:58.273 : o.s.c.c.c.ConfigServicePropertySourceLocator - Fetching config from server at : http://127.0.0.1:8888
[INFO ] 2022-10-11 17:18:59.337 : o.s.c.c.c.ConfigServicePropertySourceLocator - Located environment: name=user-service, profiles=[local], label=null, version=1671fa927ae5028a11a320652c0c2666611077a4, state=null
[INFO ] 2022-10-11 17:18:59.338 : o.s.c.b.c.PropertySourceBootstrapConfiguration - Located property source: [BootstrapPropertySource {name='bootstrapProperties-configClient'}, BootstrapPropertySource {name='bootstrapProperties-https://github.com/blackzero23/unique_config_git.git/user-service-local.yml'}, BootstrapPropertySource {name='bootstrapProperties-https://github.com/blackzero23/unique_config_git.git/user-service.yml'}, BootstrapPropertySource {name='bootstrapProperties-https://github.com/blackzero23/unique_config_git.git/application.yml'}]
[INFO ] 2022-10-11 17:18:59.348 : c.s.u.m.MsaUserServiceApplication - The following 1 profile is active: "local"
[INFO ] 2022-10-11 17:18:59.836 : o.s.d.r.c.RepositoryConfigurationDelegate - Bootstrapping Spring Data JPA repositories in DEFAULT mode.
[INFO ] 2022-10-11 17:18:59.872 : o.s.d.r.c.RepositoryConfigurationDelegate - Finished Spring Data repository scanning in 32 ms. Found 3 JPA repository interfaces.
[INFO ] 2022-10-11 17:19:00.006 :         o.s.c.c.s.GenericScope - BeanFactory id=8eed1387-f528-3636-a3b6-c56869938375
[INFO ] 2022-10-11 17:19:00.197 :    o.s.b.w.e.t.TomcatWebServer - Tomcat initialized with port(s): 0 (http)
[INFO ] 2022-10-11 17:19:00.201 :      o.a.c.h.Http11NioProtocol - Initializing ProtocolHandler ["http-nio-auto-1"]
[INFO ] 2022-10-11 17:19:00.201 :        o.a.c.c.StandardService - Starting service [Tomcat]
[INFO ] 2022-10-11 17:19:00.201 :         o.a.c.c.StandardEngine - Starting Servlet engine: [Apache Tomcat/9.0.63]
[INFO ] 2022-10-11 17:19:00.256 :              o.a.c.c.C.[.[.[/] - Initializing Spring embedded WebApplicationContext
[INFO ] 2022-10-11 17:19:00.256 : o.s.b.w.s.c.ServletWebServerApplicationContext - Root WebApplicationContext: initialization completed in 901 ms
[INFO ] 2022-10-11 17:19:00.382 :            o.h.j.i.u.LogHelper - HHH000204: Processing PersistenceUnitInfo [name: default]
[INFO ] 2022-10-11 17:19:00.402 :                    o.h.Version - HHH000412: Hibernate ORM core version 5.6.9.Final
[INFO ] 2022-10-11 17:19:00.467 :                o.h.a.c.Version - HCANN000001: Hibernate Commons Annotations {5.1.2.Final}
[INFO ] 2022-10-11 17:19:00.504 :         c.z.h.HikariDataSource - HikariPool-1 - Starting...
[INFO ] 2022-10-11 17:19:00.575 :         c.z.h.HikariDataSource - HikariPool-1 - Start completed.
[INFO ] 2022-10-11 17:19:00.581 :                  o.h.d.Dialect - HHH000400: Using dialect: org.hibernate.dialect.MySQL5Dialect
[INFO ] 2022-10-11 17:19:00.903 : o.h.e.t.j.p.i.JtaPlatformInitiator - HHH000490: Using JtaPlatform implementation: [org.hibernate.engine.transaction.jta.platform.internal.NoJtaPlatform]
[INFO ] 2022-10-11 17:19:00.906 : o.s.o.j.LocalContainerEntityManagerFactoryBean - Initialized JPA EntityManagerFactory for persistence unit 'default'
[WARN ] 2022-10-11 17:19:01.131 : o.s.b.a.o.j.JpaBaseConfiguration$JpaWebConfiguration - spring.jpa.open-in-view is enabled by default. Therefore, database queries may be performed during view rendering. Explicitly configure spring.jpa.open-in-view to disable this warning
[INFO ] 2022-10-11 17:19:01.353 : o.s.b.a.e.w.EndpointLinksResolver - Exposing 1 endpoint(s) beneath base path '/actuator'
[INFO ] 2022-10-11 17:19:01.479 : o.s.s.w.DefaultSecurityFilterChain - Will secure any request with [org.springframework.security.web.context.request.async.WebAsyncManagerIntegrationFilter@168ffb0, org.springframework.security.web.context.SecurityContextPersistenceFilter@7b80ac30, org.springframework.security.web.header.HeaderWriterFilter@54aacbc7, org.springframework.web.filter.CorsFilter@ca90087, org.springframework.security.web.authentication.logout.LogoutFilter@1d0590bc, org.springframework.security.oauth2.client.web.OAuth2AuthorizationRequestRedirectFilter@4b90f49d, org.springframework.security.oauth2.client.web.OAuth2LoginAuthenticationFilter@4ee9daf5, com.sparos.uniquone.msauserservice.users.security.jwt.JwtAuthFilter@59a49dbc, com.sparos.uniquone.msauserservice.users.security.AuthenticationFilter@6dde03ce, org.springframework.security.web.authentication.ui.DefaultLoginPageGeneratingFilter@27115d45, org.springframework.security.web.authentication.ui.DefaultLogoutPageGeneratingFilter@2b0df4ba, org.springframework.security.web.savedrequest.RequestCacheAwareFilter@f61f06e, org.springframework.security.web.servletapi.SecurityContextHolderAwareRequestFilter@28ec92c9, org.springframework.security.web.authentication.AnonymousAuthenticationFilter@6f647464, org.springframework.security.web.session.SessionManagementFilter@3fe70a2d, org.springframework.security.web.access.ExceptionTranslationFilter@44b99f09, org.springframework.security.web.access.intercept.FilterSecurityInterceptor@6b02909d]
[INFO ] 2022-10-11 17:19:01.658 : o.s.c.n.e.c.DiscoveryClientOptionalArgsConfiguration - Eureka HTTP Client uses RestTemplate.
[WARN ] 2022-10-11 17:19:01.688 : o.s.c.l.c.LoadBalancerCacheAutoConfiguration$LoadBalancerCaffeineWarnLogger - Spring Cloud LoadBalancer is currently working with the default cache. While this cache implementation is useful for development and tests, it's recommended to use Caffeine cache in production.You can switch to using Caffeine cache, by adding it and org.springframework.cache.caffeine.CaffeineCacheManager to the classpath.
[INFO ] 2022-10-11 17:19:01.733 :      o.a.c.h.Http11NioProtocol - Starting ProtocolHandler ["http-nio-auto-1"]
[INFO ] 2022-10-11 17:19:01.747 :    o.s.b.w.e.t.TomcatWebServer - Tomcat started on port(s): 53660 (http) with context path ''
[INFO ] 2022-10-11 17:19:01.747 : o.s.c.n.e.s.EurekaAutoServiceRegistration - Updating port to 53660
[INFO ] 2022-10-11 17:19:01.750 :  o.s.c.n.e.InstanceInfoFactory - Setting initial instance status as: STARTING
[INFO ] 2022-10-11 17:19:01.767 :          c.n.d.DiscoveryClient - Initializing Eureka in region us-east-1
[INFO ] 2022-10-11 17:19:01.769 : c.n.d.s.r.a.ConfigClusterResolver - Resolving eureka endpoints via configuration
[INFO ] 2022-10-11 17:19:01.780 :          c.n.d.DiscoveryClient - Disable delta property : false
[INFO ] 2022-10-11 17:19:01.780 :          c.n.d.DiscoveryClient - Single vip registry refresh property : null
[INFO ] 2022-10-11 17:19:01.780 :          c.n.d.DiscoveryClient - Force full registry fetch : false
[INFO ] 2022-10-11 17:19:01.780 :          c.n.d.DiscoveryClient - Application is null : false
[INFO ] 2022-10-11 17:19:01.780 :          c.n.d.DiscoveryClient - Registered Applications size is zero : true
[INFO ] 2022-10-11 17:19:01.780 :          c.n.d.DiscoveryClient - Application version is -1: true
[INFO ] 2022-10-11 17:19:01.780 :          c.n.d.DiscoveryClient - Getting all instance registry info from the eureka server
[INFO ] 2022-10-11 17:19:01.907 :          c.n.d.DiscoveryClient - The response status is 200
[INFO ] 2022-10-11 17:19:01.909 :          c.n.d.DiscoveryClient - Starting heartbeat executor: renew interval is: 30
[INFO ] 2022-10-11 17:19:01.910 :   c.n.d.InstanceInfoReplicator - InstanceInfoReplicator onDemand update allowed rate per min is 4
[INFO ] 2022-10-11 17:19:01.912 :          c.n.d.DiscoveryClient - Discovery Client initialized at timestamp 1665476341912 with initial instances count: 1
[INFO ] 2022-10-11 17:19:01.914 : o.s.c.n.e.s.EurekaServiceRegistry - Registering application UNIQUONE-USER-SERVICE with eureka with status UP
[INFO ] 2022-10-11 17:19:01.914 :          c.n.d.DiscoveryClient - Saw local status change event StatusChangeEvent [timestamp=1665476341914, current=UP, previous=STARTING]
[INFO ] 2022-10-11 17:19:01.915 :          c.n.d.DiscoveryClient - DiscoveryClient_UNIQUONE-USER-SERVICE/uniquone-user-service:a5a69d89566adac13e346ecb1281d96d: registering service...
[INFO ] 2022-10-11 17:19:01.940 :          c.n.d.DiscoveryClient - DiscoveryClient_UNIQUONE-USER-SERVICE/uniquone-user-service:a5a69d89566adac13e346ecb1281d96d - registration status: 204
[INFO ] 2022-10-11 17:19:02.035 : c.s.u.m.MsaUserServiceApplication - Started MsaUserServiceApplication in 4.19 seconds (JVM running for 4.527)
[INFO ] 2022-10-11 17:19:02.431 :              o.a.c.c.C.[.[.[/] - Initializing Spring DispatcherServlet 'dispatcherServlet'
[INFO ] 2022-10-11 17:19:02.431 :      o.s.w.s.DispatcherServlet - Initializing Servlet 'dispatcherServlet'
[INFO ] 2022-10-11 17:19:02.432 :      o.s.w.s.DispatcherServlet - Completed initialization in 1 ms
[INFO ] 2022-10-11 17:19:12.262 : o.s.c.n.e.s.EurekaServiceRegistry - Unregistering application UNIQUONE-USER-SERVICE with eureka with status DOWN
[INFO ] 2022-10-11 17:19:12.262 :          c.n.d.DiscoveryClient - Saw local status change event StatusChangeEvent [timestamp=1665476352262, current=DOWN, previous=UP]
[INFO ] 2022-10-11 17:19:12.263 :          c.n.d.DiscoveryClient - DiscoveryClient_UNIQUONE-USER-SERVICE/uniquone-user-service:a5a69d89566adac13e346ecb1281d96d: registering service...
[INFO ] 2022-10-11 17:19:12.268 :          c.n.d.DiscoveryClient - DiscoveryClient_UNIQUONE-USER-SERVICE/uniquone-user-service:a5a69d89566adac13e346ecb1281d96d - registration status: 204
[INFO ] 2022-10-11 17:19:12.283 : o.s.o.j.LocalContainerEntityManagerFactoryBean - Closing JPA EntityManagerFactory for persistence unit 'default'
[INFO ] 2022-10-11 17:19:12.284 :         c.z.h.HikariDataSource - HikariPool-1 - Shutdown initiated...
[INFO ] 2022-10-11 17:19:12.289 :         c.z.h.HikariDataSource - HikariPool-1 - Shutdown completed.
[INFO ] 2022-10-11 17:19:12.290 :          c.n.d.DiscoveryClient - Shutting down DiscoveryClient ...
[INFO ] 2022-10-11 17:19:15.300 :          c.n.d.DiscoveryClient - Unregistering ...
[INFO ] 2022-10-11 17:19:15.319 :          c.n.d.DiscoveryClient - DiscoveryClient_UNIQUONE-USER-SERVICE/uniquone-user-service:a5a69d89566adac13e346ecb1281d96d - deregister  status: 200
[INFO ] 2022-10-11 17:19:15.324 :          c.n.d.DiscoveryClient - Completed shut down of DiscoveryClient
